[INFO ] 2020-10-18 03:18:34,230 -- WorkingPath: C:\Users\Pgrm9\Downloads\CARSKit-master\context-aware_data_sets\Movie_DePaulMovie\RecommendationResults\
[INFO ] 2020-10-18 03:18:34,240 -- Your original rating data path: C:\Users\Pgrm9\Downloads\CARSKit-master\context-aware_data_sets\Movie_DePaulMovie\ratings.csv
[INFO ] 2020-10-18 03:18:34,241 -- Current working path: C:\Users\Pgrm9\Downloads\CARSKit-master\context-aware_data_sets\Movie_DePaulMovie\RecommendationResults\
[INFO ] 2020-10-18 03:18:34,286 -- Dataset: ...vie\RecommendationResults\train.csv
[INFO ] 2020-10-18 03:18:34,289 -- DataPath: C:\Users\Pgrm9\Downloads\CARSKit-master\context-aware_data_sets\Movie_DePaulMovie\RecommendationResults\train.csv
[INFO ] 2020-10-18 03:18:34,506 -- Rating data set has been successfully loaded.
[INFO ] 2020-10-18 03:18:34,581 -- 
/*******************************************************************************************************************************************
 *
 * Dataset: C:\Users\Pgrm9\Downloads\CARSKit-master\context-aware_data_sets\Movie_DePaulMovie\RecommendationResults\train.csv
 * 
 * Statistics of U-I-C Matrix:
 * User amount: 97
 * Item amount: 79
 * Rate amount: 5035
 * Context dimensions: 3 (time, location, companion)
 * Context conditions: 10 (time: 3, location: 3, companion: 4)
 * Context situations: 13
 * Data density: 1.8230%
 * Scale distribution: [1.0 x 829, 2.0 x 625, 4.0 x 1209, 5.0 x 1367, 3.0 x 1005]
 * Average value of all ratings: 3.328892
 * Standard deviation of all ratings: 1.414777
 * Mode of all rating values: 5.000000
 * Median of all rating values: 4.000000
 * 
 * Distribution of rate counts per user: mean = 51.90721649484536, median = 44.0, sd = 35.4956313485113
 * Distribution of rate counts per item: mean = 63.734177215189874, median = 57.0, sd = 35.492808635403236
 * Distribution of rate counts per context condition: mean = 1538.142857142857, median = 1630.0, sd = 317.8712356426413
 * 
 * Average rating in each context condition: (Average, Counts)
 * time:weekday - 3.129863, 1748
 * time:weekend - 3.340033, 1841
 * location:cinema - 3.259316, 1959
 * location:home - 3.211656, 1630
 * companion:alone - 3.197099, 1172
 * companion:family - 3.163433, 1340
 * companion:partner - 3.374188, 1077
 * 
 * Statistics of UI Matrix:
 * User amount: 97
 * Item amount: 79
 * Rate amount: 1443.0
 * Data density: 18.8307%
 * Data density (unique pairs): 88.2883%
 * Average value of all ratings: 3.358276
 * Standard deviation of all ratings: 1.253307
 * Mode of all rating values: 5.000000
 * Median of all rating values: 3.666667
 * Distribution of rate counts per UI pair: mean = 3.4892584892584892, median = 4.0, sd = 0.9887038725511924
 * 
 * Statistics of UC Matrix:
 * User amount: 97
 * Condition amount: 10
 * Rate amount: 536.0
 * Data density: 55.2577%
 * Data density (unique pairs): 100.0000%
 * Average value of all ratings: 3.100297
 * Standard deviation of all ratings: 0.967798
 * Mode of all rating values: 1.000000
 * Median of all rating values: 3.240385
 * Distribution of rate counts per UC pair: mean = 20.08768656716418, median = 16.0, sd = 15.32075455129945
 * 
 * Statistics of IC Matrix:
 * Item amount: 79
 * Condition amount: 10
 * Rate amount: 552.0
 * Data density: 69.8734%
 * Data density (unique pairs): 98.5507%
 * Average value of all ratings: 3.094907
 * Standard deviation of all ratings: 0.705512
 * Mode of all rating values: 3.000000
 * Median of all rating values: 3.153125
 * Distribution of rate counts per IC pair: mean = 19.505434782608695, median = 18.0, sd = 12.133166881695804
 * 
 * Paired t-test on user's average rating between UI and UC matrix: absolute mean diff = 0.19367884023212056, p-value = 3.614176372518377E-15
 * Paired t-test on item's average rating between UI and IC matrix: absolute mean diff = 0.08886438685006359, p-value = 1.9845706922083956E-4
 *
 *******************************************************************************************************************************************/
[INFO ] 2020-10-18 03:18:34,583 -- With Setup: given-ratio -r 0.8 --early-stop RMSE
[DEBUG] 2020-10-18 03:18:34,591 -- training amount: 4068, test amount: 961
[DEBUG] 2020-10-18 03:18:34,592 -- UserSplitting: startId = 97
[INFO ] 2020-10-18 03:18:34,647 -- 48 users have been splitted.
[INFO ] 2020-10-18 03:18:34,647 -- User Splitting is done... Algorithm 'svd++' will be applied to the transformed data set.
[INFO ] 2020-10-18 03:18:34,662 -- Density of transformed 2D rating matrix ============================== 0.17206460061108686
[DEBUG] 2020-10-18 03:18:34,787 -- UserSplitting-SVD++ iter 1: loss = 1448.1575, delta_loss = -1448.1575, RMSE = 1.254215, delta_RMSE = -1.254215, learn_rate = 0.02
[DEBUG] 2020-10-18 03:18:34,810 -- UserSplitting-SVD++ iter 2: loss = 1178.165, delta_loss = 269.99243, RMSE = 1.202060, delta_RMSE = 0.052155, learn_rate = 0.02
[DEBUG] 2020-10-18 03:18:34,831 -- UserSplitting-SVD++ iter 3: loss = 1060.9045, delta_loss = 117.260506, RMSE = 1.171806, delta_RMSE = 0.030254, learn_rate = 0.021
[DEBUG] 2020-10-18 03:18:34,853 -- UserSplitting-SVD++ iter 4: loss = 978.98724, delta_loss = 81.91731, RMSE = 1.147930, delta_RMSE = 0.023876, learn_rate = 0.022049999
[DEBUG] 2020-10-18 03:18:34,872 -- UserSplitting-SVD++ iter 5: loss = 903.41595, delta_loss = 75.57132, RMSE = 1.124647, delta_RMSE = 0.023283, learn_rate = 0.0231525
[DEBUG] 2020-10-18 03:18:34,892 -- UserSplitting-SVD++ iter 6: loss = 823.80023, delta_loss = 79.61568, RMSE = 1.100268, delta_RMSE = 0.024380, learn_rate = 0.024310125
[DEBUG] 2020-10-18 03:18:34,914 -- UserSplitting-SVD++ iter 7: loss = 739.39075, delta_loss = 84.40949, RMSE = 1.075992, delta_RMSE = 0.024276, learn_rate = 0.025525631
[DEBUG] 2020-10-18 03:18:34,933 -- UserSplitting-SVD++ iter 8: loss = 654.60443, delta_loss = 84.78633, RMSE = 1.054297, delta_RMSE = 0.021695, learn_rate = 0.026801912
[DEBUG] 2020-10-18 03:18:34,952 -- UserSplitting-SVD++ iter 9: loss = 573.85803, delta_loss = 80.74642, RMSE = 1.036822, delta_RMSE = 0.017475, learn_rate = 0.028142007
[DEBUG] 2020-10-18 03:18:34,967 -- UserSplitting-SVD++ iter 10: loss = 499.9048, delta_loss = 73.95322, RMSE = 1.023905, delta_RMSE = 0.012917, learn_rate = 0.029549109
[DEBUG] 2020-10-18 03:18:34,985 -- UserSplitting-SVD++ iter 11: loss = 434.47238, delta_loss = 65.4324, RMSE = 1.015094, delta_RMSE = 0.008811, learn_rate = 0.031026565
[DEBUG] 2020-10-18 03:18:35,005 -- UserSplitting-SVD++ iter 12: loss = 378.30508, delta_loss = 56.16731, RMSE = 1.009849, delta_RMSE = 0.005245, learn_rate = 0.03257789
[DEBUG] 2020-10-18 03:18:35,030 -- UserSplitting-SVD++ iter 13: loss = 331.22168, delta_loss = 47.083405, RMSE = 1.007253, delta_RMSE = 0.002596, learn_rate = 0.034206785
[DEBUG] 2020-10-18 03:18:35,048 -- UserSplitting-SVD++ iter 14: loss = 292.47818, delta_loss = 38.743507, RMSE = 1.007502, delta_RMSE = -0.000249, learn_rate = 0.035917126
[DEBUG] 2020-10-18 03:18:35,066 -- UserSplitting-SVD++ iter 15: loss = 260.94183, delta_loss = 31.536324, RMSE = 1.009881, delta_RMSE = -0.002379, learn_rate = 0.037712984
[DEBUG] 2020-10-18 03:18:35,073 -- UserSplitting-SVD++ iter 16: loss = 235.24306, delta_loss = 25.69878, RMSE = 1.013433, delta_RMSE = -0.003552, learn_rate = 0.039598633
[DEBUG] 2020-10-18 03:18:35,077 -- UserSplitting-SVD++ iter 17: loss = 214.06328, delta_loss = 21.17979, RMSE = 1.017948, delta_RMSE = -0.004515, learn_rate = 0.04157856
[DEBUG] 2020-10-18 03:18:35,082 -- UserSplitting-SVD++ iter 18: loss = 196.35797, delta_loss = 17.7053, RMSE = 1.023125, delta_RMSE = -0.005178, learn_rate = 0.04365749
[DEBUG] 2020-10-18 03:18:35,086 -- UserSplitting-SVD++ iter 19: loss = 181.3895, delta_loss = 14.968482, RMSE = 1.028344, delta_RMSE = -0.005219, learn_rate = 0.045840364
[DEBUG] 2020-10-18 03:18:35,091 -- UserSplitting-SVD++ iter 20: loss = 168.6487, delta_loss = 12.740797, RMSE = 1.033996, delta_RMSE = -0.005653, learn_rate = 0.048132382
[DEBUG] 2020-10-18 03:18:35,095 -- UserSplitting-SVD++ iter 21: loss = 157.76569, delta_loss = 10.883016, RMSE = 1.039890, delta_RMSE = -0.005894, learn_rate = 0.050539
[DEBUG] 2020-10-18 03:18:35,099 -- UserSplitting-SVD++ iter 22: loss = 148.44748, delta_loss = 9.318199, RMSE = 1.046119, delta_RMSE = -0.006229, learn_rate = 0.053065952
[DEBUG] 2020-10-18 03:18:35,104 -- UserSplitting-SVD++ iter 23: loss = 140.44984, delta_loss = 7.997631, RMSE = 1.051897, delta_RMSE = -0.005778, learn_rate = 0.05571925
[DEBUG] 2020-10-18 03:18:35,108 -- UserSplitting-SVD++ iter 24: loss = 133.57365, delta_loss = 6.8761945, RMSE = 1.057627, delta_RMSE = -0.005730, learn_rate = 0.058505215
[DEBUG] 2020-10-18 03:18:35,113 -- UserSplitting-SVD++ iter 25: loss = 127.66476, delta_loss = 5.908903, RMSE = 1.062495, delta_RMSE = -0.004868, learn_rate = 0.061430473
[DEBUG] 2020-10-18 03:18:35,118 -- UserSplitting-SVD++ iter 26: loss = 122.606895, delta_loss = 5.057856, RMSE = 1.067100, delta_RMSE = -0.004604, learn_rate = 0.064502
[DEBUG] 2020-10-18 03:18:35,122 -- UserSplitting-SVD++ iter 27: loss = 118.31575, delta_loss = 4.291145, RMSE = 1.071433, delta_RMSE = -0.004333, learn_rate = 0.0677271
[DEBUG] 2020-10-18 03:18:35,127 -- UserSplitting-SVD++ iter 28: loss = 114.73935, delta_loss = 3.5763993, RMSE = 1.075614, delta_RMSE = -0.004181, learn_rate = 0.07111345
[DEBUG] 2020-10-18 03:18:35,132 -- UserSplitting-SVD++ iter 29: loss = 111.85674, delta_loss = 2.8826132, RMSE = 1.079610, delta_RMSE = -0.003996, learn_rate = 0.07466912
[DEBUG] 2020-10-18 03:18:35,136 -- UserSplitting-SVD++ iter 30: loss = 109.66977, delta_loss = 2.1869738, RMSE = 1.082897, delta_RMSE = -0.003287, learn_rate = 0.07840258
[DEBUG] 2020-10-18 03:18:35,140 -- UserSplitting-SVD++ iter 31: loss = 108.19666, delta_loss = 1.4731002, RMSE = 1.085998, delta_RMSE = -0.003100, learn_rate = 0.08232271
[DEBUG] 2020-10-18 03:18:35,145 -- UserSplitting-SVD++ iter 32: loss = 107.47465, delta_loss = 0.722017, RMSE = 1.089075, delta_RMSE = -0.003077, learn_rate = 0.08643884
[DEBUG] 2020-10-18 03:18:35,149 -- UserSplitting-SVD++ iter 33: loss = 107.5651, delta_loss = -0.09045586, RMSE = 1.091918, delta_RMSE = -0.002843, learn_rate = 0.09076079
[DEBUG] 2020-10-18 03:18:35,154 -- UserSplitting-SVD++ iter 34: loss = 70.742615, delta_loss = 36.822495, RMSE = 1.088030, delta_RMSE = 0.003888, learn_rate = 0.045380395
[DEBUG] 2020-10-18 03:18:35,159 -- UserSplitting-SVD++ iter 35: loss = 60.99764, delta_loss = 9.744972, RMSE = 1.086736, delta_RMSE = 0.001293, learn_rate = 0.047649413
[DEBUG] 2020-10-18 03:18:35,163 -- UserSplitting-SVD++ iter 36: loss = 57.84588, delta_loss = 3.1517596, RMSE = 1.086548, delta_RMSE = 0.000189, learn_rate = 0.050031886
[DEBUG] 2020-10-18 03:18:35,168 -- UserSplitting-SVD++ iter 37: loss = 56.62115, delta_loss = 1.2247293, RMSE = 1.086799, delta_RMSE = -0.000252, learn_rate = 0.052533478
[DEBUG] 2020-10-18 03:18:35,172 -- UserSplitting-SVD++ iter 38: loss = 56.168343, delta_loss = 0.4528104, RMSE = 1.087294, delta_RMSE = -0.000495, learn_rate = 0.055160154
[DEBUG] 2020-10-18 03:18:35,176 -- UserSplitting-SVD++ iter 39: loss = 56.123863, delta_loss = 0.044476498, RMSE = 1.087981, delta_RMSE = -0.000686, learn_rate = 0.05791816
[DEBUG] 2020-10-18 03:18:35,181 -- UserSplitting-SVD++ iter 40: loss = 56.351933, delta_loss = -0.22806822, RMSE = 1.088789, delta_RMSE = -0.000808, learn_rate = 0.060814068
[DEBUG] 2020-10-18 03:18:35,185 -- UserSplitting-SVD++ iter 41: loss = 41.797344, delta_loss = 14.554589, RMSE = 1.087257, delta_RMSE = 0.001532, learn_rate = 0.030407034
[DEBUG] 2020-10-18 03:18:35,190 -- UserSplitting-SVD++ iter 42: loss = 39.728115, delta_loss = 2.06923, RMSE = 1.087133, delta_RMSE = 0.000124, learn_rate = 0.031927384
[DEBUG] 2020-10-18 03:18:35,194 -- UserSplitting-SVD++ iter 43: loss = 38.968616, delta_loss = 0.7594974, RMSE = 1.087229, delta_RMSE = -0.000095, learn_rate = 0.033523753
[DEBUG] 2020-10-18 03:18:35,198 -- UserSplitting-SVD++ iter 44: loss = 38.66156, delta_loss = 0.30705667, RMSE = 1.087478, delta_RMSE = -0.000249, learn_rate = 0.035199944
[DEBUG] 2020-10-18 03:18:35,203 -- UserSplitting-SVD++ iter 45: loss = 38.57398, delta_loss = 0.08758267, RMSE = 1.087817, delta_RMSE = -0.000340, learn_rate = 0.03695994
[DEBUG] 2020-10-18 03:18:35,207 -- UserSplitting-SVD++ iter 46: loss = 38.616867, delta_loss = -0.04289201, RMSE = 1.088236, delta_RMSE = -0.000419, learn_rate = 0.038807936
[DEBUG] 2020-10-18 03:18:35,213 -- UserSplitting-SVD++ iter 47: loss = 31.63435, delta_loss = 6.9825187, RMSE = 1.087656, delta_RMSE = 0.000580, learn_rate = 0.019403968
[DEBUG] 2020-10-18 03:18:35,217 -- UserSplitting-SVD++ iter 48: loss = 31.186338, delta_loss = 0.44801095, RMSE = 1.087612, delta_RMSE = 0.000044, learn_rate = 0.020374168
[DEBUG] 2020-10-18 03:18:35,222 -- UserSplitting-SVD++ iter 49: loss = 30.995758, delta_loss = 0.19058156, RMSE = 1.087695, delta_RMSE = -0.000082, learn_rate = 0.021392874
[DEBUG] 2020-10-18 03:18:35,228 -- UserSplitting-SVD++ iter 50: loss = 30.920374, delta_loss = 0.07538438, RMSE = 1.087843, delta_RMSE = -0.000149, learn_rate = 0.022462519
[DEBUG] 2020-10-18 03:18:35,234 -- UserSplitting-SVD++ iter 51: loss = 30.911507, delta_loss = 0.0088660335, RMSE = 1.088033, delta_RMSE = -0.000190, learn_rate = 0.023585645
[DEBUG] 2020-10-18 03:18:35,239 -- UserSplitting-SVD++ iter 52: loss = 30.947554, delta_loss = -0.036046237, RMSE = 1.088249, delta_RMSE = -0.000215, learn_rate = 0.024764927
[DEBUG] 2020-10-18 03:18:35,243 -- UserSplitting-SVD++ iter 53: loss = 27.196815, delta_loss = 3.7507381, RMSE = 1.088043, delta_RMSE = 0.000206, learn_rate = 0.012382464
[DEBUG] 2020-10-18 03:18:35,247 -- UserSplitting-SVD++ iter 54: loss = 27.104767, delta_loss = 0.09204848, RMSE = 1.088025, delta_RMSE = 0.000018, learn_rate = 0.013001586
[DEBUG] 2020-10-18 03:18:35,251 -- UserSplitting-SVD++ iter 55: loss = 27.067137, delta_loss = 0.03763017, RMSE = 1.088076, delta_RMSE = -0.000051, learn_rate = 0.013651666
[DEBUG] 2020-10-18 03:18:35,260 -- UserSplitting-SVD++ iter 56: loss = 27.060158, delta_loss = 0.0069794063, RMSE = 1.088165, delta_RMSE = -0.000089, learn_rate = 0.014334249
[DEBUG] 2020-10-18 03:18:35,264 -- UserSplitting-SVD++ iter 57: loss = 27.07402, delta_loss = -0.013862467, RMSE = 1.088278, delta_RMSE = -0.000113, learn_rate = 0.015050962
[DEBUG] 2020-10-18 03:18:35,269 -- UserSplitting-SVD++ iter 58: loss = 25.01674, delta_loss = 2.0572786, RMSE = 1.088218, delta_RMSE = 0.000060, learn_rate = 0.007525481
[DEBUG] 2020-10-18 03:18:35,275 -- UserSplitting-SVD++ iter 59: loss = 25.001839, delta_loss = 0.0149027165, RMSE = 1.088219, delta_RMSE = -0.000000, learn_rate = 0.007901755
[DEBUG] 2020-10-18 03:18:35,280 -- UserSplitting-SVD++ iter 60: loss = 24.99901, delta_loss = 0.0028272022, RMSE = 1.088246, delta_RMSE = -0.000027, learn_rate = 0.008296843
[DEBUG] 2020-10-18 03:18:35,285 -- UserSplitting-SVD++ iter 61: loss = 25.004578, delta_loss = -0.0055676443, RMSE = 1.088291, delta_RMSE = -0.000045, learn_rate = 0.0087116845
[DEBUG] 2020-10-18 03:18:35,290 -- UserSplitting-SVD++ iter 62: loss = 23.883793, delta_loss = 1.1207863, RMSE = 1.088281, delta_RMSE = 0.000010, learn_rate = 0.0043558422
[DEBUG] 2020-10-18 03:18:35,291 -- UserSplitting-SVD++ evaluate test data ... 
[DEBUG] 2020-10-18 03:18:35,306 -- UserSplitting-SVD++ has writeen rating predictions to C:\Users\Pgrm9\Downloads\CARSKit-master\context-aware_data_sets\Movie_DePaulMovie\RecommendationResults\UserSplitting-SVD++-rating-predictions.txt
[DEBUG] 2020-10-18 03:18:35,345 -- Learned models are saved to folder "C:\Users\Pgrm9\Downloads\CARSKit-master\context-aware_data_sets\Movie_DePaulMovie\RecommendationResults\UserSplitting-SVD++\"
[INFO ] 2020-10-18 03:18:35,345 -- Final Results by UserSplitting-SVD++, MAE: 0.755088, RMSE: 1.088281, NAME: 0.188772, rMAE: 0.754422, rRMSE: 1.125340, MPE: 0.000000, numFactors: 10, numIter: 100, lrate: 0.02, maxlrate: -1.0, regB: 1.0E-4, regU: 1.0E-4, regI: 1.0E-4, regC: 0.001, isBoldDriver: true, Time: '00:00','00:00'

[DEBUG] 2020-10-18 03:18:35,346 -- Have been collected to file: results_all.txt
